<?xml version="1.0" encoding="UTF-8"?>
<coverage generated="1725801863170" clover="3.2.0">
  <project timestamp="1725801863170" name="All files">
    <metrics statements="105" coveredstatements="96" conditionals="46" coveredconditionals="35" methods="27" coveredmethods="25" elements="178" coveredelements="156" complexity="0" loc="105" ncloc="105" packages="2" files="6" classes="6"/>
    <package name="src">
      <metrics statements="36" coveredstatements="29" conditionals="31" coveredconditionals="22" methods="7" coveredmethods="7"/>
      <file name="index.tsx" path="C:\Code\adax-react\src\index.tsx">
        <metrics statements="36" coveredstatements="29" conditionals="31" coveredconditionals="22" methods="7" coveredmethods="7"/>
        <line num="1" count="2" type="stmt"/>
        <line num="2" count="2" type="stmt"/>
        <line num="9" count="2" type="cond" truecount="0" falsecount="1"/>
        <line num="10" count="102" type="cond" truecount="3" falsecount="2"/>
        <line num="11" count="0" type="stmt"/>
        <line num="13" count="102" type="cond" truecount="1" falsecount="0"/>
        <line num="14" count="23" type="stmt"/>
        <line num="16" count="79" type="stmt"/>
        <line num="17" count="79" type="stmt"/>
        <line num="18" count="79" type="stmt"/>
        <line num="19" count="79" type="cond" truecount="2" falsecount="4"/>
        <line num="20" count="79" type="stmt"/>
        <line num="22" count="0" type="stmt"/>
        <line num="23" count="0" type="stmt"/>
        <line num="24" count="0" type="stmt"/>
        <line num="26" count="0" type="stmt"/>
        <line num="27" count="0" type="stmt"/>
        <line num="28" count="0" type="stmt"/>
        <line num="32" count="79" type="stmt"/>
        <line num="35" count="2" type="stmt"/>
        <line num="40" count="102" type="stmt"/>
        <line num="41" count="102" type="cond" truecount="5" falsecount="1"/>
        <line num="42" count="102" type="stmt"/>
        <line num="43" count="102" type="stmt"/>
        <line num="44" count="102" type="stmt"/>
        <line num="45" count="50" type="stmt"/>
        <line num="47" count="50" type="stmt"/>
        <line num="49" count="102" type="stmt"/>
        <line num="50" count="37" type="stmt"/>
        <line num="51" count="37" type="stmt"/>
        <line num="52" count="37" type="cond" truecount="1" falsecount="0"/>
        <line num="55" count="6" type="cond" truecount="9" falsecount="1"/>
        <line num="57" count="37" type="stmt"/>
        <line num="58" count="37" type="stmt"/>
        <line num="59" count="37" type="stmt"/>
        <line num="63" count="102" type="stmt"/>
      </file>
    </package>
    <package name="src.TestApp">
      <metrics statements="69" coveredstatements="67" conditionals="15" coveredconditionals="13" methods="20" coveredmethods="18"/>
      <file name="FanGroupPicker.tsx" path="C:\Code\adax-react\src\TestApp\FanGroupPicker.tsx">
        <metrics statements="13" coveredstatements="13" conditionals="2" coveredconditionals="2" methods="6" coveredmethods="6"/>
        <line num="1" count="1" type="stmt"/>
        <line num="8" count="1" type="stmt"/>
        <line num="9" count="33" type="cond" truecount="2" falsecount="0"/>
        <line num="10" count="11" type="stmt"/>
        <line num="12" count="22" type="stmt"/>
        <line num="15" count="1" type="stmt"/>
        <line num="16" count="11" type="stmt"/>
        <line num="18" count="11" type="stmt"/>
        <line num="19" count="5" type="stmt"/>
        <line num="20" count="5" type="stmt"/>
        <line num="22" count="11" type="stmt"/>
        <line num="25" count="33" type="stmt"/>
        <line num="42" count="1" type="stmt"/>
      </file>
      <file name="FansGroup.tsx" path="C:\Code\adax-react\src\TestApp\FansGroup.tsx">
        <metrics statements="7" coveredstatements="7" conditionals="0" coveredconditionals="0" methods="2" coveredmethods="2"/>
        <line num="1" count="1" type="stmt"/>
        <line num="2" count="1" type="stmt"/>
        <line num="3" count="1" type="stmt"/>
        <line num="7" count="1" type="stmt"/>
        <line num="9" count="60" type="stmt"/>
        <line num="10" count="60" type="stmt"/>
        <line num="13" count="12" type="stmt"/>
      </file>
      <file name="ResultPanel.tsx" path="C:\Code\adax-react\src\TestApp\ResultPanel.tsx">
        <metrics statements="6" coveredstatements="6" conditionals="0" coveredconditionals="0" methods="1" coveredmethods="1"/>
        <line num="1" count="1" type="stmt"/>
        <line num="2" count="1" type="stmt"/>
        <line num="3" count="1" type="stmt"/>
        <line num="7" count="1" type="stmt"/>
        <line num="13" count="23" type="stmt"/>
        <line num="14" count="23" type="stmt"/>
      </file>
      <file name="facade.ts" path="C:\Code\adax-react\src\TestApp\facade.ts">
        <metrics statements="29" coveredstatements="27" conditionals="11" coveredconditionals="9" methods="7" coveredmethods="7"/>
        <line num="1" count="1" type="stmt"/>
        <line num="3" count="1" type="stmt"/>
        <line num="8" count="1" type="cond" truecount="1" falsecount="0"/>
        <line num="9" count="22" type="stmt"/>
        <line num="10" count="12" type="cond" truecount="1" falsecount="0"/>
        <line num="11" count="12" type="stmt"/>
        <line num="15" count="1" type="cond" truecount="2" falsecount="0"/>
        <line num="16" count="160" type="stmt"/>
        <line num="17" count="160" type="stmt"/>
        <line num="25" count="1" type="stmt"/>
        <line num="29" count="93" type="stmt"/>
        <line num="30" count="93" type="cond" truecount="1" falsecount="0"/>
        <line num="31" count="56" type="stmt"/>
        <line num="33" count="37" type="cond" truecount="1" falsecount="0"/>
        <line num="34" count="19" type="stmt"/>
        <line num="36" count="18" type="stmt"/>
        <line num="40" count="1" type="cond" truecount="1" falsecount="0"/>
        <line num="42" count="32" type="stmt"/>
        <line num="44" count="32" type="cond" truecount="1" falsecount="0"/>
        <line num="45" count="16" type="stmt"/>
        <line num="48" count="16" type="cond" truecount="0" falsecount="1"/>
        <line num="49" count="0" type="stmt"/>
        <line num="52" count="16" type="cond" truecount="0" falsecount="1"/>
        <line num="53" count="0" type="stmt"/>
        <line num="56" count="16" type="stmt"/>
        <line num="59" count="1" type="stmt"/>
        <line num="60" count="1" type="stmt"/>
        <line num="61" count="1" type="stmt"/>
        <line num="64" count="1" type="stmt"/>
      </file>
      <file name="index.tsx" path="C:\Code\adax-react\src\TestApp\index.tsx">
        <metrics statements="14" coveredstatements="14" conditionals="2" coveredconditionals="2" methods="4" coveredmethods="2"/>
        <line num="1" count="1" type="stmt"/>
        <line num="2" count="1" type="stmt"/>
        <line num="3" count="1" type="stmt"/>
        <line num="4" count="1" type="stmt"/>
        <line num="5" count="1" type="stmt"/>
        <line num="6" count="1" type="stmt"/>
        <line num="7" count="1" type="stmt"/>
        <line num="9" count="1" type="stmt"/>
        <line num="15" count="1" type="stmt"/>
        <line num="16" count="11" type="stmt"/>
        <line num="17" count="11" type="stmt"/>
        <line num="18" count="5" type="stmt"/>
        <line num="20" count="11" type="stmt"/>
        <line num="41" count="1" type="stmt"/>
      </file>
    </package>
  </project>
</coverage>
