{"C:\\Code\\adax-react\\src\\index.tsx": {"path":"C:\\Code\\adax-react\\src\\index.tsx","statementMap":{"0":{"start":{"line":1,"column":0},"end":{"line":1,"column":59}},"1":{"start":{"line":2,"column":0},"end":{"line":2,"column":112}},"2":{"start":{"line":9,"column":27},"end":{"line":33,"column":1}},"3":{"start":{"line":10,"column":2},"end":{"line":12,"column":null}},"4":{"start":{"line":11,"column":4},"end":{"line":11,"column":35}},"5":{"start":{"line":13,"column":2},"end":{"line":15,"column":null}},"6":{"start":{"line":14,"column":4},"end":{"line":14,"column":20}},"7":{"start":{"line":16,"column":18},"end":{"line":16,"column":26}},"8":{"start":{"line":17,"column":2},"end":{"line":31,"column":5}},"9":{"start":{"line":18,"column":20},"end":{"line":18,"column":39}},"10":{"start":{"line":19,"column":4},"end":{"line":30,"column":null}},"11":{"start":{"line":20,"column":6},"end":{"line":20,"column":35}},"12":{"start":{"line":22,"column":6},"end":{"line":29,"column":null}},"13":{"start":{"line":23,"column":8},"end":{"line":23,"column":53}},"14":{"start":{"line":24,"column":8},"end":{"line":24,"column":143}},"15":{"start":{"line":26,"column":8},"end":{"line":26,"column":122}},"16":{"start":{"line":27,"column":8},"end":{"line":27,"column":27}},"17":{"start":{"line":28,"column":8},"end":{"line":28,"column":18}},"18":{"start":{"line":32,"column":2},"end":{"line":32,"column":13}},"19":{"start":{"line":35,"column":23},"end":{"line":64,"column":1}},"20":{"start":{"line":40,"column":27},"end":{"line":40,"column":46}},"21":{"start":{"line":41,"column":17},"end":{"line":41,"column":104}},"22":{"start":{"line":42,"column":22},"end":{"line":42,"column":35}},"23":{"start":{"line":43,"column":20},"end":{"line":43,"column":66}},"24":{"start":{"line":44,"column":22},"end":{"line":48,"column":3}},"25":{"start":{"line":45,"column":4},"end":{"line":45,"column":30}},"26":{"start":{"line":47,"column":4},"end":{"line":47,"column":30}},"27":{"start":{"line":47,"column":23},"end":{"line":47,"column":28}},"28":{"start":{"line":49,"column":2},"end":{"line":62,"column":16}},"29":{"start":{"line":50,"column":43},"end":{"line":50,"column":124}},"30":{"start":{"line":51,"column":4},"end":{"line":51,"column":16}},"31":{"start":{"line":52,"column":4},"end":{"line":56,"column":null}},"32":{"start":{"line":55,"column":6},"end":{"line":55,"column":138}},"33":{"start":{"line":57,"column":4},"end":{"line":60,"column":6}},"34":{"start":{"line":58,"column":6},"end":{"line":58,"column":33}},"35":{"start":{"line":59,"column":6},"end":{"line":59,"column":24}},"36":{"start":{"line":63,"column":2},"end":{"line":63,"column":24}},"37":{"start":{"line":35,"column":13},"end":{"line":35,"column":23}}},"fnMap":{"0":{"name":"(anonymous_0)","decl":{"start":{"line":9,"column":27},"end":{"line":9,"column":28}},"loc":{"start":{"line":9,"column":93},"end":{"line":33,"column":1}}},"1":{"name":"(anonymous_1)","decl":{"start":{"line":17,"column":36},"end":{"line":17,"column":37}},"loc":{"start":{"line":17,"column":42},"end":{"line":31,"column":3}}},"2":{"name":"(anonymous_2)","decl":{"start":{"line":35,"column":23},"end":{"line":35,"column":null}},"loc":{"start":{"line":39,"column":34},"end":{"line":64,"column":1}}},"3":{"name":"(anonymous_3)","decl":{"start":{"line":44,"column":22},"end":{"line":44,"column":23}},"loc":{"start":{"line":44,"column":38},"end":{"line":48,"column":3}}},"4":{"name":"(anonymous_4)","decl":{"start":{"line":47,"column":16},"end":{"line":47,"column":17}},"loc":{"start":{"line":47,"column":23},"end":{"line":47,"column":28}}},"5":{"name":"(anonymous_5)","decl":{"start":{"line":49,"column":12},"end":{"line":49,"column":15}},"loc":{"start":{"line":49,"column":17},"end":{"line":62,"column":3}}},"6":{"name":"(anonymous_6)","decl":{"start":{"line":57,"column":11},"end":{"line":57,"column":14}},"loc":{"start":{"line":57,"column":16},"end":{"line":60,"column":5}}}},"branchMap":{"0":{"loc":{"start":{"line":9,"column":63},"end":{"line":9,"column":89}},"type":"default-arg","locations":[{"start":{"line":9,"column":87},"end":{"line":9,"column":89}}]},"1":{"loc":{"start":{"line":10,"column":2},"end":{"line":12,"column":null}},"type":"if","locations":[{"start":{"line":10,"column":2},"end":{"line":12,"column":null}}]},"2":{"loc":{"start":{"line":10,"column":6},"end":{"line":10,"column":30}},"type":"cond-expr","locations":[{"start":{"line":10,"column":13},"end":{"line":10,"column":15}},{"start":{"line":10,"column":6},"end":{"line":10,"column":30}}]},"3":{"loc":{"start":{"line":10,"column":6},"end":{"line":10,"column":15}},"type":"binary-expr","locations":[{"start":{"line":10,"column":6},"end":{"line":10,"column":15}},{"start":{"line":10,"column":6},"end":{"line":10,"column":15}}]},"4":{"loc":{"start":{"line":13,"column":2},"end":{"line":15,"column":null}},"type":"if","locations":[{"start":{"line":13,"column":2},"end":{"line":15,"column":null}}]},"5":{"loc":{"start":{"line":19,"column":4},"end":{"line":30,"column":null}},"type":"if","locations":[{"start":{"line":19,"column":4},"end":{"line":30,"column":null}},{"start":{"line":21,"column":11},"end":{"line":30,"column":null}}]},"6":{"loc":{"start":{"line":19,"column":8},"end":{"line":19,"column":101}},"type":"binary-expr","locations":[{"start":{"line":19,"column":8},"end":{"line":19,"column":28}},{"start":{"line":19,"column":32},"end":{"line":19,"column":52}},{"start":{"line":19,"column":56},"end":{"line":19,"column":77}},{"start":{"line":19,"column":81},"end":{"line":19,"column":101}}]},"7":{"loc":{"start":{"line":38,"column":2},"end":{"line":38,"column":28}},"type":"default-arg","locations":[{"start":{"line":38,"column":26},"end":{"line":38,"column":28}}]},"8":{"loc":{"start":{"line":41,"column":44},"end":{"line":41,"column":103}},"type":"cond-expr","locations":[{"start":{"line":41,"column":74},"end":{"line":41,"column":83}},{"start":{"line":41,"column":86},"end":{"line":41,"column":103}}]},"9":{"loc":{"start":{"line":41,"column":44},"end":{"line":41,"column":71}},"type":"cond-expr","locations":[{"start":{"line":41,"column":51},"end":{"line":41,"column":53}},{"start":{"line":41,"column":44},"end":{"line":41,"column":71}}]},"10":{"loc":{"start":{"line":41,"column":44},"end":{"line":41,"column":53}},"type":"binary-expr","locations":[{"start":{"line":41,"column":44},"end":{"line":41,"column":53}},{"start":{"line":41,"column":44},"end":{"line":41,"column":53}}]},"11":{"loc":{"start":{"line":52,"column":4},"end":{"line":56,"column":null}},"type":"if","locations":[{"start":{"line":52,"column":4},"end":{"line":56,"column":null}}]},"12":{"loc":{"start":{"line":55,"column":25},"end":{"line":55,"column":84}},"type":"cond-expr","locations":[{"start":{"line":55,"column":55},"end":{"line":55,"column":64}},{"start":{"line":55,"column":67},"end":{"line":55,"column":84}}]},"13":{"loc":{"start":{"line":55,"column":25},"end":{"line":55,"column":52}},"type":"cond-expr","locations":[{"start":{"line":55,"column":32},"end":{"line":55,"column":34}},{"start":{"line":55,"column":25},"end":{"line":55,"column":52}}]},"14":{"loc":{"start":{"line":55,"column":25},"end":{"line":55,"column":34}},"type":"binary-expr","locations":[{"start":{"line":55,"column":25},"end":{"line":55,"column":34}},{"start":{"line":55,"column":25},"end":{"line":55,"column":34}}]},"15":{"loc":{"start":{"line":55,"column":96},"end":{"line":55,"column":123}},"type":"cond-expr","locations":[{"start":{"line":55,"column":110},"end":{"line":55,"column":114}},{"start":{"line":55,"column":114},"end":{"line":55,"column":123}}]},"16":{"loc":{"start":{"line":55,"column":96},"end":{"line":55,"column":114}},"type":"binary-expr","locations":[{"start":{"line":55,"column":96},"end":{"line":55,"column":114}},{"start":{"line":55,"column":110},"end":{"line":55,"column":114}}]}},"s":{"0":2,"1":2,"2":2,"3":102,"4":0,"5":102,"6":23,"7":79,"8":79,"9":79,"10":79,"11":79,"12":0,"13":0,"14":0,"15":0,"16":0,"17":0,"18":79,"19":2,"20":102,"21":102,"22":102,"23":102,"24":102,"25":50,"26":50,"27":50,"28":102,"29":37,"30":37,"31":37,"32":6,"33":37,"34":37,"35":37,"36":102,"37":2},"f":{"0":102,"1":79,"2":102,"3":50,"4":50,"5":37,"6":37},"b":{"0":[0],"1":[0],"2":[0,102],"3":[102,102],"4":[23],"5":[79,0],"6":[79,0,0,0],"7":[83],"8":[4,98],"9":[0,102],"10":[102,102],"11":[6],"12":[1,5],"13":[0,6],"14":[6,6],"15":[5,1],"16":[6,6]}}
,"C:\\Code\\adax-react\\src\\TestApp\\FanGroupPicker.tsx": {"path":"C:\\Code\\adax-react\\src\\TestApp\\FanGroupPicker.tsx","statementMap":{"0":{"start":{"line":1,"column":0},"end":{"line":1,"column":31}},"1":{"start":{"line":8,"column":19},"end":{"line":14,"column":3}},"2":{"start":{"line":9,"column":4},"end":{"line":13,"column":null}},"3":{"start":{"line":10,"column":6},"end":{"line":10,"column":48}},"4":{"start":{"line":12,"column":6},"end":{"line":12,"column":41}},"5":{"start":{"line":15,"column":54},"end":{"line":40,"column":1}},"6":{"start":{"line":16,"column":44},"end":{"line":16,"column":65}},"7":{"start":{"line":18,"column":28},"end":{"line":21,"column":3}},"8":{"start":{"line":19,"column":4},"end":{"line":19,"column":28}},"9":{"start":{"line":20,"column":4},"end":{"line":20,"column":20}},"10":{"start":{"line":22,"column":2},"end":{"line":39,"column":4}},"11":{"start":{"line":25,"column":8},"end":{"line":35,"column":null}},"12":{"start":{"line":25,"column":110},"end":{"line":25,"column":141}},"13":{"start":{"line":42,"column":0},"end":{"line":42,"column":30}}},"fnMap":{"0":{"name":"(anonymous_6)","decl":{"start":{"line":8,"column":19},"end":{"line":8,"column":20}},"loc":{"start":{"line":8,"column":41},"end":{"line":14,"column":3}}},"1":{"name":"(anonymous_7)","decl":{"start":{"line":15,"column":54},"end":{"line":15,"column":55}},"loc":{"start":{"line":15,"column":87},"end":{"line":40,"column":1}}},"2":{"name":"(anonymous_8)","decl":{"start":{"line":18,"column":28},"end":{"line":18,"column":29}},"loc":{"start":{"line":18,"column":46},"end":{"line":21,"column":3}}},"3":{"name":"(anonymous_9)","decl":{"start":{"line":24,"column":19},"end":{"line":24,"column":20}},"loc":{"start":{"line":25,"column":8},"end":{"line":35,"column":null}}},"4":{"name":"(anonymous_10)","decl":{"start":{"line":25,"column":104},"end":{"line":25,"column":107}},"loc":{"start":{"line":25,"column":110},"end":{"line":25,"column":141}}},"5":{"name":"(anonymous_11)","decl":{"start":{"line":32,"column":22},"end":{"line":32,"column":25}},"loc":{"start":{"line":32,"column":27},"end":{"line":32,"column":30}}}},"branchMap":{"0":{"loc":{"start":{"line":9,"column":4},"end":{"line":13,"column":null}},"type":"if","locations":[{"start":{"line":9,"column":4},"end":{"line":13,"column":null}},{"start":{"line":11,"column":11},"end":{"line":13,"column":null}}]}},"s":{"0":1,"1":1,"2":33,"3":11,"4":22,"5":1,"6":11,"7":11,"8":5,"9":5,"10":11,"11":33,"12":5,"13":1},"f":{"0":33,"1":11,"2":5,"3":33,"4":5,"5":5},"b":{"0":[11,22]}}
,"C:\\Code\\adax-react\\src\\TestApp\\FansGroup.tsx": {"path":"C:\\Code\\adax-react\\src\\TestApp\\FansGroup.tsx","statementMap":{"0":{"start":{"line":1,"column":0},"end":{"line":1,"column":26}},"1":{"start":{"line":2,"column":0},"end":{"line":2,"column":35}},"2":{"start":{"line":3,"column":0},"end":{"line":3,"column":36}},"3":{"start":{"line":7,"column":25},"end":{"line":18,"column":1}},"4":{"start":{"line":9,"column":21},"end":{"line":9,"column":51}},"5":{"start":{"line":10,"column":4},"end":{"line":17,"column":6}},"6":{"start":{"line":13,"column":60},"end":{"line":13,"column":91}},"7":{"start":{"line":7,"column":13},"end":{"line":7,"column":25}}},"fnMap":{"0":{"name":"(anonymous_1)","decl":{"start":{"line":7,"column":25},"end":{"line":7,"column":26}},"loc":{"start":{"line":8,"column":107},"end":{"line":18,"column":1}}},"1":{"name":"(anonymous_2)","decl":{"start":{"line":13,"column":54},"end":{"line":13,"column":57}},"loc":{"start":{"line":13,"column":60},"end":{"line":13,"column":91}}}},"branchMap":{},"s":{"0":1,"1":1,"2":1,"3":1,"4":60,"5":60,"6":12,"7":1},"f":{"0":60,"1":12},"b":{}}
,"C:\\Code\\adax-react\\src\\TestApp\\ResultPanel.tsx": {"path":"C:\\Code\\adax-react\\src\\TestApp\\ResultPanel.tsx","statementMap":{"0":{"start":{"line":1,"column":0},"end":{"line":1,"column":26}},"1":{"start":{"line":2,"column":0},"end":{"line":2,"column":35}},"2":{"start":{"line":3,"column":0},"end":{"line":3,"column":37}},"3":{"start":{"line":7,"column":27},"end":{"line":26,"column":1}},"4":{"start":{"line":13,"column":10},"end":{"line":13,"column":28}},"5":{"start":{"line":14,"column":4},"end":{"line":25,"column":6}},"6":{"start":{"line":7,"column":13},"end":{"line":7,"column":27}}},"fnMap":{"0":{"name":"(anonymous_1)","decl":{"start":{"line":7,"column":27},"end":{"line":7,"column":30}},"loc":{"start":{"line":7,"column":32},"end":{"line":26,"column":1}}}},"branchMap":{},"s":{"0":1,"1":1,"2":1,"3":1,"4":23,"5":23,"6":1},"f":{"0":23},"b":{}}
,"C:\\Code\\adax-react\\src\\TestApp\\facade.ts": {"path":"C:\\Code\\adax-react\\src\\TestApp\\facade.ts","statementMap":{"0":{"start":{"line":1,"column":0},"end":{"line":1,"column":36}},"1":{"start":{"line":3,"column":23},"end":{"line":6,"column":2}},"2":{"start":{"line":8,"column":23},"end":{"line":13,"column":1}},"3":{"start":{"line":9,"column":20},"end":{"line":9,"column":70}},"4":{"start":{"line":9,"column":54},"end":{"line":9,"column":69}},"5":{"start":{"line":10,"column":2},"end":{"line":12,"column":null}},"6":{"start":{"line":11,"column":4},"end":{"line":11,"column":22}},"7":{"start":{"line":8,"column":13},"end":{"line":8,"column":23}},"8":{"start":{"line":15,"column":25},"end":{"line":23,"column":1}},"9":{"start":{"line":16,"column":24},"end":{"line":16,"column":79}},"10":{"start":{"line":16,"column":61},"end":{"line":16,"column":78}},"11":{"start":{"line":17,"column":2},"end":{"line":22,"column":4}},"12":{"start":{"line":15,"column":13},"end":{"line":15,"column":25}},"13":{"start":{"line":25,"column":23},"end":{"line":37,"column":1}},"14":{"start":{"line":29,"column":17},"end":{"line":29,"column":40}},"15":{"start":{"line":30,"column":2},"end":{"line":32,"column":null}},"16":{"start":{"line":31,"column":4},"end":{"line":31,"column":24}},"17":{"start":{"line":33,"column":2},"end":{"line":35,"column":null}},"18":{"start":{"line":34,"column":4},"end":{"line":34,"column":24}},"19":{"start":{"line":36,"column":2},"end":{"line":36,"column":22}},"20":{"start":{"line":25,"column":13},"end":{"line":25,"column":23}},"21":{"start":{"line":40,"column":32},"end":{"line":57,"column":1}},"22":{"start":{"line":42,"column":17},"end":{"line":42,"column":40}},"23":{"start":{"line":44,"column":2},"end":{"line":46,"column":null}},"24":{"start":{"line":45,"column":4},"end":{"line":45,"column":17}},"25":{"start":{"line":48,"column":2},"end":{"line":50,"column":null}},"26":{"start":{"line":49,"column":4},"end":{"line":49,"column":16}},"27":{"start":{"line":52,"column":2},"end":{"line":54,"column":null}},"28":{"start":{"line":53,"column":4},"end":{"line":53,"column":16}},"29":{"start":{"line":56,"column":2},"end":{"line":56,"column":15}},"30":{"start":{"line":59,"column":18},"end":{"line":62,"column":1}},"31":{"start":{"line":60,"column":2},"end":{"line":60,"column":50}},"32":{"start":{"line":61,"column":2},"end":{"line":61,"column":79}},"33":{"start":{"line":64,"column":0},"end":{"line":64,"column":12}}},"fnMap":{"0":{"name":"(anonymous_0)","decl":{"start":{"line":8,"column":23},"end":{"line":8,"column":24}},"loc":{"start":{"line":8,"column":79},"end":{"line":13,"column":1}}},"1":{"name":"(anonymous_1)","decl":{"start":{"line":9,"column":47},"end":{"line":9,"column":48}},"loc":{"start":{"line":9,"column":54},"end":{"line":9,"column":69}}},"2":{"name":"(anonymous_2)","decl":{"start":{"line":15,"column":25},"end":{"line":15,"column":26}},"loc":{"start":{"line":15,"column":72},"end":{"line":23,"column":1}}},"3":{"name":"(anonymous_3)","decl":{"start":{"line":16,"column":51},"end":{"line":16,"column":52}},"loc":{"start":{"line":16,"column":61},"end":{"line":16,"column":78}}},"4":{"name":"(anonymous_4)","decl":{"start":{"line":25,"column":23},"end":{"line":25,"column":null}},"loc":{"start":{"line":28,"column":4},"end":{"line":37,"column":1}}},"5":{"name":"(anonymous_5)","decl":{"start":{"line":40,"column":32},"end":{"line":40,"column":33}},"loc":{"start":{"line":40,"column":108},"end":{"line":57,"column":1}}},"6":{"name":"(anonymous_6)","decl":{"start":{"line":59,"column":18},"end":{"line":59,"column":21}},"loc":{"start":{"line":59,"column":23},"end":{"line":62,"column":1}}}},"branchMap":{"0":{"loc":{"start":{"line":8,"column":48},"end":{"line":8,"column":75}},"type":"default-arg","locations":[{"start":{"line":8,"column":57},"end":{"line":8,"column":75}}]},"1":{"loc":{"start":{"line":10,"column":2},"end":{"line":12,"column":null}},"type":"if","locations":[{"start":{"line":10,"column":2},"end":{"line":12,"column":null}}]},"2":{"loc":{"start":{"line":15,"column":26},"end":{"line":15,"column":39}},"type":"default-arg","locations":[{"start":{"line":15,"column":35},"end":{"line":15,"column":39}}]},"3":{"loc":{"start":{"line":15,"column":41},"end":{"line":15,"column":68}},"type":"default-arg","locations":[{"start":{"line":15,"column":50},"end":{"line":15,"column":68}}]},"4":{"loc":{"start":{"line":27,"column":2},"end":{"line":27,"column":29}},"type":"default-arg","locations":[{"start":{"line":27,"column":11},"end":{"line":27,"column":29}}]},"5":{"loc":{"start":{"line":30,"column":2},"end":{"line":32,"column":null}},"type":"if","locations":[{"start":{"line":30,"column":2},"end":{"line":32,"column":null}}]},"6":{"loc":{"start":{"line":33,"column":2},"end":{"line":35,"column":null}},"type":"if","locations":[{"start":{"line":33,"column":2},"end":{"line":35,"column":null}}]},"7":{"loc":{"start":{"line":40,"column":77},"end":{"line":40,"column":104}},"type":"default-arg","locations":[{"start":{"line":40,"column":86},"end":{"line":40,"column":104}}]},"8":{"loc":{"start":{"line":44,"column":2},"end":{"line":46,"column":null}},"type":"if","locations":[{"start":{"line":44,"column":2},"end":{"line":46,"column":null}}]},"9":{"loc":{"start":{"line":48,"column":2},"end":{"line":50,"column":null}},"type":"if","locations":[{"start":{"line":48,"column":2},"end":{"line":50,"column":null}}]},"10":{"loc":{"start":{"line":52,"column":2},"end":{"line":54,"column":null}},"type":"if","locations":[{"start":{"line":52,"column":2},"end":{"line":54,"column":null}}]}},"s":{"0":1,"1":1,"2":1,"3":12,"4":22,"5":12,"6":12,"7":1,"8":1,"9":160,"10":160,"11":160,"12":1,"13":1,"14":93,"15":93,"16":56,"17":37,"18":19,"19":18,"20":1,"21":1,"22":32,"23":32,"24":16,"25":16,"26":0,"27":16,"28":0,"29":16,"30":1,"31":1,"32":1,"33":1},"f":{"0":12,"1":22,"2":160,"3":160,"4":93,"5":32,"6":1},"b":{"0":[12],"1":[12],"2":[23],"3":[35],"4":[93],"5":[56],"6":[19],"7":[32],"8":[16],"9":[0],"10":[0]}}
,"C:\\Code\\adax-react\\src\\TestApp\\index.tsx": {"path":"C:\\Code\\adax-react\\src\\TestApp\\index.tsx","statementMap":{"0":{"start":{"line":1,"column":0},"end":{"line":1,"column":26}},"1":{"start":{"line":2,"column":0},"end":{"line":2,"column":42}},"2":{"start":{"line":3,"column":0},"end":{"line":3,"column":46}},"3":{"start":{"line":4,"column":0},"end":{"line":4,"column":9}},"4":{"start":{"line":4,"column":9},"end":{"line":4,"column":46}},"5":{"start":{"line":5,"column":0},"end":{"line":5,"column":9}},"6":{"start":{"line":5,"column":9},"end":{"line":5,"column":42}},"7":{"start":{"line":6,"column":0},"end":{"line":6,"column":46}},"8":{"start":{"line":7,"column":0},"end":{"line":7,"column":44}},"9":{"start":{"line":9,"column":16},"end":{"line":13,"column":4}},"10":{"start":{"line":15,"column":23},"end":{"line":40,"column":2}},"11":{"start":{"line":16,"column":54},"end":{"line":16,"column":76}},"12":{"start":{"line":17,"column":30},"end":{"line":19,"column":5}},"13":{"start":{"line":18,"column":6},"end":{"line":18,"column":34}},"14":{"start":{"line":20,"column":4},"end":{"line":40,"column":2}},"15":{"start":{"line":15,"column":13},"end":{"line":15,"column":23}},"16":{"start":{"line":41,"column":0},"end":{"line":41,"column":23}}},"fnMap":{"0":{"name":"(anonymous_1)","decl":{"start":{"line":4,"column":9},"end":{"line":4,"column":20}},"loc":{"start":{"line":4,"column":9},"end":{"line":4,"column":46}}},"1":{"name":"(anonymous_2)","decl":{"start":{"line":5,"column":9},"end":{"line":5,"column":18}},"loc":{"start":{"line":5,"column":9},"end":{"line":5,"column":42}}},"2":{"name":"(anonymous_3)","decl":{"start":{"line":15,"column":23},"end":{"line":15,"column":26}},"loc":{"start":{"line":15,"column":28},"end":{"line":40,"column":2}}},"3":{"name":"(anonymous_4)","decl":{"start":{"line":17,"column":30},"end":{"line":17,"column":31}},"loc":{"start":{"line":17,"column":48},"end":{"line":19,"column":5}}}},"branchMap":{"0":{"loc":{"start":{"line":38,"column":13},"end":{"line":38,"column":157}},"type":"binary-expr","locations":[{"start":{"line":38,"column":13},"end":{"line":38,"column":41}},{"start":{"line":38,"column":45},"end":{"line":38,"column":157}}]}},"s":{"0":1,"1":1,"2":1,"3":1,"4":1,"5":1,"6":1,"7":1,"8":1,"9":1,"10":1,"11":11,"12":11,"13":5,"14":11,"15":1,"16":1},"f":{"0":0,"1":0,"2":11,"3":5},"b":{"0":[11,5]}}
}
