TN:
SF:src\index.tsx
FN:9,(anonymous_0)
FN:17,(anonymous_1)
FN:35,(anonymous_2)
FN:44,(anonymous_3)
FN:47,(anonymous_4)
FN:49,(anonymous_5)
FN:57,(anonymous_6)
FNF:7
FNH:7
FNDA:102,(anonymous_0)
FNDA:79,(anonymous_1)
FNDA:102,(anonymous_2)
FNDA:50,(anonymous_3)
FNDA:50,(anonymous_4)
FNDA:37,(anonymous_5)
FNDA:37,(anonymous_6)
DA:1,2
DA:2,2
DA:9,2
DA:10,102
DA:11,0
DA:13,102
DA:14,23
DA:16,79
DA:17,79
DA:18,79
DA:19,79
DA:20,79
DA:22,0
DA:23,0
DA:24,0
DA:26,0
DA:27,0
DA:28,0
DA:32,79
DA:35,2
DA:40,102
DA:41,102
DA:42,102
DA:43,102
DA:44,102
DA:45,50
DA:47,50
DA:49,102
DA:50,37
DA:51,37
DA:52,37
DA:55,6
DA:57,37
DA:58,37
DA:59,37
DA:63,102
LF:36
LH:29
BRDA:9,0,0,0
BRDA:10,1,0,0
BRDA:10,2,0,0
BRDA:10,2,1,102
BRDA:10,3,0,102
BRDA:10,3,1,102
BRDA:13,4,0,23
BRDA:19,5,0,79
BRDA:19,5,1,0
BRDA:19,6,0,79
BRDA:19,6,1,0
BRDA:19,6,2,0
BRDA:19,6,3,0
BRDA:38,7,0,83
BRDA:41,8,0,4
BRDA:41,8,1,98
BRDA:41,9,0,0
BRDA:41,9,1,102
BRDA:41,10,0,102
BRDA:41,10,1,102
BRDA:52,11,0,6
BRDA:55,12,0,1
BRDA:55,12,1,5
BRDA:55,13,0,0
BRDA:55,13,1,6
BRDA:55,14,0,6
BRDA:55,14,1,6
BRDA:55,15,0,5
BRDA:55,15,1,1
BRDA:55,16,0,6
BRDA:55,16,1,6
BRF:31
BRH:22
end_of_record
TN:
SF:src\TestApp\FanGroupPicker.tsx
FN:8,(anonymous_6)
FN:15,(anonymous_7)
FN:18,(anonymous_8)
FN:24,(anonymous_9)
FN:25,(anonymous_10)
FN:32,(anonymous_11)
FNF:6
FNH:6
FNDA:33,(anonymous_6)
FNDA:11,(anonymous_7)
FNDA:5,(anonymous_8)
FNDA:33,(anonymous_9)
FNDA:5,(anonymous_10)
FNDA:5,(anonymous_11)
DA:1,1
DA:8,1
DA:9,33
DA:10,11
DA:12,22
DA:15,1
DA:16,11
DA:18,11
DA:19,5
DA:20,5
DA:22,11
DA:25,33
DA:42,1
LF:13
LH:13
BRDA:9,0,0,11
BRDA:9,0,1,22
BRF:2
BRH:2
end_of_record
TN:
SF:src\TestApp\FansGroup.tsx
FN:7,(anonymous_1)
FN:13,(anonymous_2)
FNF:2
FNH:2
FNDA:60,(anonymous_1)
FNDA:12,(anonymous_2)
DA:1,1
DA:2,1
DA:3,1
DA:7,1
DA:9,60
DA:10,60
DA:13,12
LF:7
LH:7
BRF:0
BRH:0
end_of_record
TN:
SF:src\TestApp\ResultPanel.tsx
FN:7,(anonymous_1)
FNF:1
FNH:1
FNDA:23,(anonymous_1)
DA:1,1
DA:2,1
DA:3,1
DA:7,1
DA:13,23
DA:14,23
LF:6
LH:6
BRF:0
BRH:0
end_of_record
TN:
SF:src\TestApp\facade.ts
FN:8,(anonymous_0)
FN:9,(anonymous_1)
FN:15,(anonymous_2)
FN:16,(anonymous_3)
FN:25,(anonymous_4)
FN:40,(anonymous_5)
FN:59,(anonymous_6)
FNF:7
FNH:7
FNDA:12,(anonymous_0)
FNDA:22,(anonymous_1)
FNDA:160,(anonymous_2)
FNDA:160,(anonymous_3)
FNDA:93,(anonymous_4)
FNDA:32,(anonymous_5)
FNDA:1,(anonymous_6)
DA:1,1
DA:3,1
DA:8,1
DA:9,22
DA:10,12
DA:11,12
DA:15,1
DA:16,160
DA:17,160
DA:25,1
DA:29,93
DA:30,93
DA:31,56
DA:33,37
DA:34,19
DA:36,18
DA:40,1
DA:42,32
DA:44,32
DA:45,16
DA:48,16
DA:49,0
DA:52,16
DA:53,0
DA:56,16
DA:59,1
DA:60,1
DA:61,1
DA:64,1
LF:29
LH:27
BRDA:8,0,0,12
BRDA:10,1,0,12
BRDA:15,2,0,23
BRDA:15,3,0,35
BRDA:27,4,0,93
BRDA:30,5,0,56
BRDA:33,6,0,19
BRDA:40,7,0,32
BRDA:44,8,0,16
BRDA:48,9,0,0
BRDA:52,10,0,0
BRF:11
BRH:9
end_of_record
TN:
SF:src\TestApp\index.tsx
FN:4,(anonymous_1)
FN:5,(anonymous_2)
FN:15,(anonymous_3)
FN:17,(anonymous_4)
FNF:4
FNH:2
FNDA:0,(anonymous_1)
FNDA:0,(anonymous_2)
FNDA:11,(anonymous_3)
FNDA:5,(anonymous_4)
DA:1,1
DA:2,1
DA:3,1
DA:4,1
DA:5,1
DA:6,1
DA:7,1
DA:9,1
DA:15,1
DA:16,11
DA:17,11
DA:18,5
DA:20,11
DA:41,1
LF:14
LH:14
BRDA:38,0,0,11
BRDA:38,0,1,5
BRF:2
BRH:2
end_of_record
